<!DOCTYPE html PUBLIC "-//W3C//DTD XHTML 1.1//EN" "http://www.w3.org/TR/xhtml11/DTD/xhtml11.dtd">
<html xmlns="http://www.w3.org/1999/xhtml">
<head>
<meta http-equiv="content-type" content="text/html; charset=UTF-8"/>
<title>TestNG Report</title>
<style type="text/css">table {margin-bottom:10px;border-collapse:collapse;empty-cells:show}th,td {border:1px solid #009;padding:.25em .5em}th {vertical-align:bottom}td {vertical-align:top}table a {font-weight:bold}.stripe td {background-color: #E6EBF9}.num {text-align:right}.passedodd td {background-color: #3F3}.passedeven td {background-color: #0A0}.skippedodd td {background-color: #DDD}.skippedeven td {background-color: #CCC}.failedodd td,.attn {background-color: #F33}.failedeven td,.stripe .attn {background-color: #D00}.stacktrace {white-space:pre;font-family:monospace}.totop {font-size:85%;text-align:center;border-bottom:2px solid #000}.invisible {display:none}</style>
</head>
<body>
<table>
<tr><th>Test</th><th># Passed</th><th># Skipped</th><th># Retried</th><th># Failed</th><th>Time (ms)</th><th>Included Groups</th><th>Excluded Groups</th></tr>
<tr><th colspan="7"> Dragan Suite</th></tr>
<tr><td><a href="#t0">A_Tests One</a></td><td class="num">0</td><td class="num">0</td><td class="num">0</td><td class="num attn">3</td><td class="num">6.873</td><td></td><td></td></tr>
<tr class="stripe"><td><a href="#t1">B_Tests Two</a></td><td class="num">0</td><td class="num">0</td><td class="num">0</td><td class="num attn">1</td><td class="num">2.371</td><td></td><td></td></tr>
<tr><td><a href="#t2">C_Tests Three</a></td><td class="num">4</td><td class="num">0</td><td class="num">0</td><td class="num">0</td><td class="num">3.244</td><td></td><td></td></tr>
<tr class="stripe"><td><a href="#t3">Dragan test</a></td><td class="num">3</td><td class="num">0</td><td class="num">0</td><td class="num">0</td><td class="num">563</td><td></td><td></td></tr>
<tr><th>Total</th><th class="num">7</th><th class="num">0</th><th class="num">0</th><th class="num attn">4</th><th class="num">13.051</th><th colspan="2"></th></tr>
</table>
<table id='summary'><thead><tr><th>Class</th><th>Method</th><th>Start</th><th>Time (ms)</th></tr></thead><tbody><tr><th colspan="4"> Dragan Suite</th></tr></tbody><tbody id="t0"><tr><th colspan="4">A_Tests One &#8212; failed</th></tr><tr class="failedeven"><td rowspan="3">android.BlazeLoginTest</td><td><a href="#m0">test_Alert</a></td><td rowspan="1">1717489093872</td><td rowspan="1">2661</td></tr><tr class="failedeven"><td><a href="#m1">test_Login_And_Verify</a></td><td rowspan="1">1717489089717</td><td rowspan="1">1647</td></tr><tr class="failedeven"><td><a href="#m2">test_Login_And_Verify_About_Us</a></td><td rowspan="1">1717489091437</td><td rowspan="1">2429</td></tr></tbody>
<tbody id="t1"><tr><th colspan="4">B_Tests Two &#8212; failed</th></tr><tr class="failedeven"><td rowspan="1">android.BlazeFindAndPurchaseTest</td><td><a href="#m3">test_Find_Purchase</a></td><td rowspan="1">1717489096622</td><td rowspan="1">2365</td></tr></tbody>
<tbody id="t2"><tr><th colspan="4">C_Tests Three &#8212; passed</th></tr><tr class="passedeven"><td rowspan="4">android.RestTest</td><td><a href="#m4">GetBookDetails</a></td><td rowspan="1">1717489099020</td><td rowspan="1">2612</td></tr><tr class="passedeven"><td><a href="#m5">GetBookDetailsNo2</a></td><td rowspan="1">1717489101641</td><td rowspan="1">221</td></tr><tr class="passedeven"><td><a href="#m6">GetBookDetailsNo23</a></td><td rowspan="1">1717489101870</td><td rowspan="1">184</td></tr><tr class="passedeven"><td><a href="#m7">GetBookDetailsNo24</a></td><td rowspan="1">1717489102059</td><td rowspan="1">201</td></tr></tbody>
<tbody id="t3"><tr><th colspan="4">Dragan test &#8212; passed</th></tr><tr class="passedeven"><td rowspan="3">android.RestTest2</td><td><a href="#m8">GetBookDetails</a></td><td rowspan="1">1717489102293</td><td rowspan="1">189</td></tr><tr class="passedeven"><td><a href="#m9">GetBookDetailsNo2</a></td><td rowspan="1">1717489102486</td><td rowspan="1">184</td></tr><tr class="passedeven"><td><a href="#m10">GetBookDetailsNo23</a></td><td rowspan="1">1717489102674</td><td rowspan="1">178</td></tr></tbody>
</table>
<h2>A_Tests One</h2><h3 id="m0">android.BlazeLoginTest#test_Alert</h3><table class="result"><tr><th>Exception</th></tr><tr><td><div class="stacktrace">org.openqa.selenium.SessionNotCreatedException: session not created: This version of Microsoft Edge WebDriver only supports Microsoft Edge version 123
Current browser version is 125.0.2535.67 with binary path C:\Program Files (x86)\Microsoft\Edge\Application\msedge.exe
Build info: version: &apos;3.141.59&apos;, revision: &apos;e82be7d358&apos;, time: &apos;2018-11-14T08:17:03&apos;
System info: host: &apos;DOSHENA&apos;, ip: &apos;192.168.1.62&apos;, os.name: &apos;Windows 11&apos;, os.arch: &apos;amd64&apos;, os.version: &apos;10.0&apos;, java.version: &apos;22&apos;
Driver info: driver.version: EdgeDriver
remote stacktrace: 	GetHandleVerifier [0x00007FF7D66A5B82+59842]
	Microsoft::Applications::Events::ILogConfiguration::operator* [0x00007FF7D6634AB2+220434]
	(No symbol) [0x00007FF7D645DCD7]
	(No symbol) [0x00007FF7D6495E81]
	(No symbol) [0x00007FF7D6495321]
	(No symbol) [0x00007FF7D648FA00]
	(No symbol) [0x00007FF7D648C2C0]
	(No symbol) [0x00007FF7D64CDE97]
	(No symbol) [0x00007FF7D64C3B93]
	(No symbol) [0x00007FF7D649960E]
	(No symbol) [0x00007FF7D64987CC]
	(No symbol) [0x00007FF7D64991C1]
	Microsoft::Applications::Events::EventProperty::to_string [0x00007FF7D68558FC+1052188]
	(No symbol) [0x00007FF7D650FFC6]
	Microsoft::Applications::Events::EventProperty::~EventProperty [0x00007FF7D65B150C+37916]
	Microsoft::Applications::Events::EventProperty::~EventProperty [0x00007FF7D65A8E95+3493]
	Microsoft::Applications::Events::EventProperty::to_string [0x00007FF7D6854865+1047941]
	Microsoft::Applications::Events::ILogConfiguration::operator* [0x00007FF7D663D2C1+255265]
	Microsoft::Applications::Events::ILogConfiguration::operator* [0x00007FF7D66385B4+235540]
	Microsoft::Applications::Events::ILogConfiguration::operator* [0x00007FF7D66386EB+235851]
	Microsoft::Applications::Events::ILogConfiguration::operator* [0x00007FF7D662FEE1+201025]
	BaseThreadInitThunk [0x00007FFDC576257D+29]
	RtlUserThreadStart [0x00007FFDC7A6AA48+40]

	at org.openqa.selenium.remote.W3CHandshakeResponse.lambda$errorHandler$0(W3CHandshakeResponse.java:62)
	at org.openqa.selenium.remote.HandshakeResponse.lambda$getResponseFunction$0(HandshakeResponse.java:30)
	at org.openqa.selenium.remote.ProtocolHandshake.lambda$createSession$0(ProtocolHandshake.java:126)
	at java.base/java.util.stream.ReferencePipeline$3$1.accept(ReferencePipeline.java:212)
	at java.base/java.util.Spliterators$ArraySpliterator.tryAdvance(Spliterators.java:1034)
	at java.base/java.util.stream.ReferencePipeline.forEachWithCancel(ReferencePipeline.java:144)
	at java.base/java.util.stream.AbstractPipeline.copyIntoWithCancel(AbstractPipeline.java:574)
	at java.base/java.util.stream.AbstractPipeline.copyInto(AbstractPipeline.java:560)
	at java.base/java.util.stream.AbstractPipeline.wrapAndCopyInto(AbstractPipeline.java:546)
	at java.base/java.util.stream.FindOps$FindOp.evaluateSequential(FindOps.java:150)
	at java.base/java.util.stream.AbstractPipeline.evaluate(AbstractPipeline.java:265)
	at java.base/java.util.stream.ReferencePipeline.findFirst(ReferencePipeline.java:662)
	at org.openqa.selenium.remote.ProtocolHandshake.createSession(ProtocolHandshake.java:128)
	at org.openqa.selenium.remote.ProtocolHandshake.createSession(ProtocolHandshake.java:74)
	at org.openqa.selenium.remote.HttpCommandExecutor.execute(HttpCommandExecutor.java:136)
	at org.openqa.selenium.remote.service.DriverCommandExecutor.execute(DriverCommandExecutor.java:83)
	at org.openqa.selenium.remote.RemoteWebDriver.execute(RemoteWebDriver.java:552)
	at org.openqa.selenium.remote.RemoteWebDriver.startSession(RemoteWebDriver.java:213)
	at org.openqa.selenium.remote.RemoteWebDriver.&lt;init&gt;(RemoteWebDriver.java:131)
	at org.openqa.selenium.edge.EdgeDriver.&lt;init&gt;(EdgeDriver.java:141)
	at org.openqa.selenium.edge.EdgeDriver.&lt;init&gt;(EdgeDriver.java:96)
	at android.BlazeLoginTest.test_Alert(BlazeLoginTest.java:104)
	at java.base/java.util.ArrayList.forEach(ArrayList.java:1597)
... Removed 32 stack frames</div></td></tr></table><p class="totop"><a href="#summary">back to summary</a></p>
<h3 id="m1">android.BlazeLoginTest#test_Login_And_Verify</h3><table class="result"><tr><th>Exception</th></tr><tr><td><div class="stacktrace">org.openqa.selenium.SessionNotCreatedException: session not created: This version of Microsoft Edge WebDriver only supports Microsoft Edge version 123
Current browser version is 125.0.2535.67 with binary path C:\Program Files (x86)\Microsoft\Edge\Application\msedge.exe
Build info: version: &apos;3.141.59&apos;, revision: &apos;e82be7d358&apos;, time: &apos;2018-11-14T08:17:03&apos;
System info: host: &apos;DOSHENA&apos;, ip: &apos;192.168.1.62&apos;, os.name: &apos;Windows 11&apos;, os.arch: &apos;amd64&apos;, os.version: &apos;10.0&apos;, java.version: &apos;22&apos;
Driver info: driver.version: EdgeDriver
remote stacktrace: 	GetHandleVerifier [0x00007FF7D66A5B82+59842]
	Microsoft::Applications::Events::ILogConfiguration::operator* [0x00007FF7D6634AB2+220434]
	(No symbol) [0x00007FF7D645DCD7]
	(No symbol) [0x00007FF7D6495E81]
	(No symbol) [0x00007FF7D6495321]
	(No symbol) [0x00007FF7D648FA00]
	(No symbol) [0x00007FF7D648C2C0]
	(No symbol) [0x00007FF7D64CDE97]
	(No symbol) [0x00007FF7D64C3B93]
	(No symbol) [0x00007FF7D649960E]
	(No symbol) [0x00007FF7D64987CC]
	(No symbol) [0x00007FF7D64991C1]
	Microsoft::Applications::Events::EventProperty::to_string [0x00007FF7D68558FC+1052188]
	(No symbol) [0x00007FF7D650FFC6]
	Microsoft::Applications::Events::EventProperty::~EventProperty [0x00007FF7D65B150C+37916]
	Microsoft::Applications::Events::EventProperty::~EventProperty [0x00007FF7D65A8E95+3493]
	Microsoft::Applications::Events::EventProperty::to_string [0x00007FF7D6854865+1047941]
	Microsoft::Applications::Events::ILogConfiguration::operator* [0x00007FF7D663D2C1+255265]
	Microsoft::Applications::Events::ILogConfiguration::operator* [0x00007FF7D66385B4+235540]
	Microsoft::Applications::Events::ILogConfiguration::operator* [0x00007FF7D66386EB+235851]
	Microsoft::Applications::Events::ILogConfiguration::operator* [0x00007FF7D662FEE1+201025]
	BaseThreadInitThunk [0x00007FFDC576257D+29]
	RtlUserThreadStart [0x00007FFDC7A6AA48+40]

	at org.openqa.selenium.remote.W3CHandshakeResponse.lambda$errorHandler$0(W3CHandshakeResponse.java:62)
	at org.openqa.selenium.remote.HandshakeResponse.lambda$getResponseFunction$0(HandshakeResponse.java:30)
	at org.openqa.selenium.remote.ProtocolHandshake.lambda$createSession$0(ProtocolHandshake.java:126)
	at java.base/java.util.stream.ReferencePipeline$3$1.accept(ReferencePipeline.java:212)
	at java.base/java.util.Spliterators$ArraySpliterator.tryAdvance(Spliterators.java:1034)
	at java.base/java.util.stream.ReferencePipeline.forEachWithCancel(ReferencePipeline.java:144)
	at java.base/java.util.stream.AbstractPipeline.copyIntoWithCancel(AbstractPipeline.java:574)
	at java.base/java.util.stream.AbstractPipeline.copyInto(AbstractPipeline.java:560)
	at java.base/java.util.stream.AbstractPipeline.wrapAndCopyInto(AbstractPipeline.java:546)
	at java.base/java.util.stream.FindOps$FindOp.evaluateSequential(FindOps.java:150)
	at java.base/java.util.stream.AbstractPipeline.evaluate(AbstractPipeline.java:265)
	at java.base/java.util.stream.ReferencePipeline.findFirst(ReferencePipeline.java:662)
	at org.openqa.selenium.remote.ProtocolHandshake.createSession(ProtocolHandshake.java:128)
	at org.openqa.selenium.remote.ProtocolHandshake.createSession(ProtocolHandshake.java:74)
	at org.openqa.selenium.remote.HttpCommandExecutor.execute(HttpCommandExecutor.java:136)
	at org.openqa.selenium.remote.service.DriverCommandExecutor.execute(DriverCommandExecutor.java:83)
	at org.openqa.selenium.remote.RemoteWebDriver.execute(RemoteWebDriver.java:552)
	at org.openqa.selenium.remote.RemoteWebDriver.startSession(RemoteWebDriver.java:213)
	at org.openqa.selenium.remote.RemoteWebDriver.&lt;init&gt;(RemoteWebDriver.java:131)
	at org.openqa.selenium.edge.EdgeDriver.&lt;init&gt;(EdgeDriver.java:141)
	at org.openqa.selenium.edge.EdgeDriver.&lt;init&gt;(EdgeDriver.java:96)
	at android.BlazeLoginTest.test_Login_And_Verify(BlazeLoginTest.java:42)
	at java.base/java.util.ArrayList.forEach(ArrayList.java:1597)
... Removed 32 stack frames</div></td></tr></table><p class="totop"><a href="#summary">back to summary</a></p>
<h3 id="m2">android.BlazeLoginTest#test_Login_And_Verify_About_Us</h3><table class="result"><tr><th>Exception</th></tr><tr><td><div class="stacktrace">org.openqa.selenium.SessionNotCreatedException: session not created: This version of Microsoft Edge WebDriver only supports Microsoft Edge version 123
Current browser version is 125.0.2535.67 with binary path C:\Program Files (x86)\Microsoft\Edge\Application\msedge.exe
Build info: version: &apos;3.141.59&apos;, revision: &apos;e82be7d358&apos;, time: &apos;2018-11-14T08:17:03&apos;
System info: host: &apos;DOSHENA&apos;, ip: &apos;192.168.1.62&apos;, os.name: &apos;Windows 11&apos;, os.arch: &apos;amd64&apos;, os.version: &apos;10.0&apos;, java.version: &apos;22&apos;
Driver info: driver.version: EdgeDriver
remote stacktrace: 	GetHandleVerifier [0x00007FF7D66A5B82+59842]
	Microsoft::Applications::Events::ILogConfiguration::operator* [0x00007FF7D6634AB2+220434]
	(No symbol) [0x00007FF7D645DCD7]
	(No symbol) [0x00007FF7D6495E81]
	(No symbol) [0x00007FF7D6495321]
	(No symbol) [0x00007FF7D648FA00]
	(No symbol) [0x00007FF7D648C2C0]
	(No symbol) [0x00007FF7D64CDE97]
	(No symbol) [0x00007FF7D64C3B93]
	(No symbol) [0x00007FF7D649960E]
	(No symbol) [0x00007FF7D64987CC]
	(No symbol) [0x00007FF7D64991C1]
	Microsoft::Applications::Events::EventProperty::to_string [0x00007FF7D68558FC+1052188]
	(No symbol) [0x00007FF7D650FFC6]
	Microsoft::Applications::Events::EventProperty::~EventProperty [0x00007FF7D65B150C+37916]
	Microsoft::Applications::Events::EventProperty::~EventProperty [0x00007FF7D65A8E95+3493]
	Microsoft::Applications::Events::EventProperty::to_string [0x00007FF7D6854865+1047941]
	Microsoft::Applications::Events::ILogConfiguration::operator* [0x00007FF7D663D2C1+255265]
	Microsoft::Applications::Events::ILogConfiguration::operator* [0x00007FF7D66385B4+235540]
	Microsoft::Applications::Events::ILogConfiguration::operator* [0x00007FF7D66386EB+235851]
	Microsoft::Applications::Events::ILogConfiguration::operator* [0x00007FF7D662FEE1+201025]
	BaseThreadInitThunk [0x00007FFDC576257D+29]
	RtlUserThreadStart [0x00007FFDC7A6AA48+40]

	at org.openqa.selenium.remote.W3CHandshakeResponse.lambda$errorHandler$0(W3CHandshakeResponse.java:62)
	at org.openqa.selenium.remote.HandshakeResponse.lambda$getResponseFunction$0(HandshakeResponse.java:30)
	at org.openqa.selenium.remote.ProtocolHandshake.lambda$createSession$0(ProtocolHandshake.java:126)
	at java.base/java.util.stream.ReferencePipeline$3$1.accept(ReferencePipeline.java:212)
	at java.base/java.util.Spliterators$ArraySpliterator.tryAdvance(Spliterators.java:1034)
	at java.base/java.util.stream.ReferencePipeline.forEachWithCancel(ReferencePipeline.java:144)
	at java.base/java.util.stream.AbstractPipeline.copyIntoWithCancel(AbstractPipeline.java:574)
	at java.base/java.util.stream.AbstractPipeline.copyInto(AbstractPipeline.java:560)
	at java.base/java.util.stream.AbstractPipeline.wrapAndCopyInto(AbstractPipeline.java:546)
	at java.base/java.util.stream.FindOps$FindOp.evaluateSequential(FindOps.java:150)
	at java.base/java.util.stream.AbstractPipeline.evaluate(AbstractPipeline.java:265)
	at java.base/java.util.stream.ReferencePipeline.findFirst(ReferencePipeline.java:662)
	at org.openqa.selenium.remote.ProtocolHandshake.createSession(ProtocolHandshake.java:128)
	at org.openqa.selenium.remote.ProtocolHandshake.createSession(ProtocolHandshake.java:74)
	at org.openqa.selenium.remote.HttpCommandExecutor.execute(HttpCommandExecutor.java:136)
	at org.openqa.selenium.remote.service.DriverCommandExecutor.execute(DriverCommandExecutor.java:83)
	at org.openqa.selenium.remote.RemoteWebDriver.execute(RemoteWebDriver.java:552)
	at org.openqa.selenium.remote.RemoteWebDriver.startSession(RemoteWebDriver.java:213)
	at org.openqa.selenium.remote.RemoteWebDriver.&lt;init&gt;(RemoteWebDriver.java:131)
	at org.openqa.selenium.edge.EdgeDriver.&lt;init&gt;(EdgeDriver.java:141)
	at org.openqa.selenium.edge.EdgeDriver.&lt;init&gt;(EdgeDriver.java:96)
	at android.BlazeLoginTest.test_Login_And_Verify_About_Us(BlazeLoginTest.java:73)
	at java.base/java.util.ArrayList.forEach(ArrayList.java:1597)
... Removed 32 stack frames</div></td></tr></table><p class="totop"><a href="#summary">back to summary</a></p>
<h2>B_Tests Two</h2><h3 id="m3">android.BlazeFindAndPurchaseTest#test_Find_Purchase</h3><table class="result"><tr><th>Exception</th></tr><tr><td><div class="stacktrace">org.openqa.selenium.SessionNotCreatedException: session not created: This version of Microsoft Edge WebDriver only supports Microsoft Edge version 123
Current browser version is 125.0.2535.67 with binary path C:\Program Files (x86)\Microsoft\Edge\Application\msedge.exe
Build info: version: &apos;3.141.59&apos;, revision: &apos;e82be7d358&apos;, time: &apos;2018-11-14T08:17:03&apos;
System info: host: &apos;DOSHENA&apos;, ip: &apos;192.168.1.62&apos;, os.name: &apos;Windows 11&apos;, os.arch: &apos;amd64&apos;, os.version: &apos;10.0&apos;, java.version: &apos;22&apos;
Driver info: driver.version: EdgeDriver
remote stacktrace: 	GetHandleVerifier [0x00007FF7D66A5B82+59842]
	Microsoft::Applications::Events::ILogConfiguration::operator* [0x00007FF7D6634AB2+220434]
	(No symbol) [0x00007FF7D645DCD7]
	(No symbol) [0x00007FF7D6495E81]
	(No symbol) [0x00007FF7D6495321]
	(No symbol) [0x00007FF7D648FA00]
	(No symbol) [0x00007FF7D648C2C0]
	(No symbol) [0x00007FF7D64CDE97]
	(No symbol) [0x00007FF7D64C3B93]
	(No symbol) [0x00007FF7D649960E]
	(No symbol) [0x00007FF7D64987CC]
	(No symbol) [0x00007FF7D64991C1]
	Microsoft::Applications::Events::EventProperty::to_string [0x00007FF7D68558FC+1052188]
	(No symbol) [0x00007FF7D650FFC6]
	Microsoft::Applications::Events::EventProperty::~EventProperty [0x00007FF7D65B150C+37916]
	Microsoft::Applications::Events::EventProperty::~EventProperty [0x00007FF7D65A8E95+3493]
	Microsoft::Applications::Events::EventProperty::to_string [0x00007FF7D6854865+1047941]
	Microsoft::Applications::Events::ILogConfiguration::operator* [0x00007FF7D663D2C1+255265]
	Microsoft::Applications::Events::ILogConfiguration::operator* [0x00007FF7D66385B4+235540]
	Microsoft::Applications::Events::ILogConfiguration::operator* [0x00007FF7D66386EB+235851]
	Microsoft::Applications::Events::ILogConfiguration::operator* [0x00007FF7D662FEE1+201025]
	BaseThreadInitThunk [0x00007FFDC576257D+29]
	RtlUserThreadStart [0x00007FFDC7A6AA48+40]

	at org.openqa.selenium.remote.W3CHandshakeResponse.lambda$errorHandler$0(W3CHandshakeResponse.java:62)
	at org.openqa.selenium.remote.HandshakeResponse.lambda$getResponseFunction$0(HandshakeResponse.java:30)
	at org.openqa.selenium.remote.ProtocolHandshake.lambda$createSession$0(ProtocolHandshake.java:126)
	at java.base/java.util.stream.ReferencePipeline$3$1.accept(ReferencePipeline.java:212)
	at java.base/java.util.Spliterators$ArraySpliterator.tryAdvance(Spliterators.java:1034)
	at java.base/java.util.stream.ReferencePipeline.forEachWithCancel(ReferencePipeline.java:144)
	at java.base/java.util.stream.AbstractPipeline.copyIntoWithCancel(AbstractPipeline.java:574)
	at java.base/java.util.stream.AbstractPipeline.copyInto(AbstractPipeline.java:560)
	at java.base/java.util.stream.AbstractPipeline.wrapAndCopyInto(AbstractPipeline.java:546)
	at java.base/java.util.stream.FindOps$FindOp.evaluateSequential(FindOps.java:150)
	at java.base/java.util.stream.AbstractPipeline.evaluate(AbstractPipeline.java:265)
	at java.base/java.util.stream.ReferencePipeline.findFirst(ReferencePipeline.java:662)
	at org.openqa.selenium.remote.ProtocolHandshake.createSession(ProtocolHandshake.java:128)
	at org.openqa.selenium.remote.ProtocolHandshake.createSession(ProtocolHandshake.java:74)
	at org.openqa.selenium.remote.HttpCommandExecutor.execute(HttpCommandExecutor.java:136)
	at org.openqa.selenium.remote.service.DriverCommandExecutor.execute(DriverCommandExecutor.java:83)
	at org.openqa.selenium.remote.RemoteWebDriver.execute(RemoteWebDriver.java:552)
	at org.openqa.selenium.remote.RemoteWebDriver.startSession(RemoteWebDriver.java:213)
	at org.openqa.selenium.remote.RemoteWebDriver.&lt;init&gt;(RemoteWebDriver.java:131)
	at org.openqa.selenium.edge.EdgeDriver.&lt;init&gt;(EdgeDriver.java:141)
	at org.openqa.selenium.edge.EdgeDriver.&lt;init&gt;(EdgeDriver.java:96)
	at android.BlazeFindAndPurchaseTest.test_Find_Purchase(BlazeFindAndPurchaseTest.java:31)
	at java.base/java.util.ArrayList.forEach(ArrayList.java:1597)
... Removed 32 stack frames</div></td></tr></table><p class="totop"><a href="#summary">back to summary</a></p>
<h2>C_Tests Three</h2><h3 id="m4">android.RestTest#GetBookDetails</h3><table class="result"><tr><th class="invisible"/></tr></table><p class="totop"><a href="#summary">back to summary</a></p>
<h3 id="m5">android.RestTest#GetBookDetailsNo2</h3><table class="result"><tr><th class="invisible"/></tr></table><p class="totop"><a href="#summary">back to summary</a></p>
<h3 id="m6">android.RestTest#GetBookDetailsNo23</h3><table class="result"><tr><th class="invisible"/></tr></table><p class="totop"><a href="#summary">back to summary</a></p>
<h3 id="m7">android.RestTest#GetBookDetailsNo24</h3><table class="result"><tr><th class="invisible"/></tr></table><p class="totop"><a href="#summary">back to summary</a></p>
<h2>Dragan test</h2><h3 id="m8">android.RestTest2#GetBookDetails</h3><table class="result"><tr><th class="invisible"/></tr></table><p class="totop"><a href="#summary">back to summary</a></p>
<h3 id="m9">android.RestTest2#GetBookDetailsNo2</h3><table class="result"><tr><th class="invisible"/></tr></table><p class="totop"><a href="#summary">back to summary</a></p>
<h3 id="m10">android.RestTest2#GetBookDetailsNo23</h3><table class="result"><tr><th class="invisible"/></tr></table><p class="totop"><a href="#summary">back to summary</a></p>
</body>
</html>
