<?xml version="1.0" encoding="UTF-8"?>
<testng-results ignored="0" total="7" passed="6" failed="1" skipped="0">
  <reporter-output>
    <line>
      <![CDATA[Login to store]]>
    </line>
    <line>
      <![CDATA[Check is logged]]>
    </line>
    <line>
      <![CDATA[Click on Labtops]]>
    </line>
    <line>
      <![CDATA[Find Lenovo]]>
    </line>
    <line>
      <![CDATA[Use contact form]]>
    </line>
    <line>
      <![CDATA[Login to store]]>
    </line>
    <line>
      <![CDATA[Check is logged]]>
    </line>
    <line>
      <![CDATA[Check About us]]>
    </line>
    <line>
      <![CDATA[Login to store]]>
    </line>
    <line>
      <![CDATA[Check is logged]]>
    </line>
    <line>
      <![CDATA[Click on Labtops]]>
    </line>
    <line>
      <![CDATA[Find Lenovo]]>
    </line>
    <line>
      <![CDATA[Use contact form]]>
    </line>
    <line>
      <![CDATA[Handle alert]]>
    </line>
    <line>
      <![CDATA[Set Username]]>
    </line>
    <line>
      <![CDATA[Set Password]]>
    </line>
    <line>
      <![CDATA[Click on Labtops]]>
    </line>
    <line>
      <![CDATA[Find Dell device]]>
    </line>
    <line>
      <![CDATA[Go to chart]]>
    </line>
    <line>
      <![CDATA[Log Out]]>
    </line>
    <line>
      <![CDATA[Verify Log Out]]>
    </line>
  </reporter-output>
  <suite started-at="2024-05-07T09:00:13 CEST" name="Suite" finished-at="2024-05-07T09:01:23 CEST" duration-ms="70245">
    <groups>
    </groups>
    <test started-at="2024-05-07T09:00:13 CEST" name="A_Tests One" finished-at="2024-05-07T09:00:59 CEST" duration-ms="46177">
      <class name="android.BlazeLoginTest">
        <test-method is-config="true" signature="setup()[pri:0, instance:android.BlazeLoginTest@316bcf94]" started-at="2024-05-07T09:00:13 CEST" name="setup" finished-at="2024-05-07T09:00:13 CEST" duration-ms="16" status="PASS">
          <reporter-output>
          </reporter-output>
        </test-method> <!-- setup -->
        <test-method signature="test_Login_And_Verify()[pri:0, instance:android.BlazeLoginTest@316bcf94]" started-at="2024-05-07T09:00:13 CEST" name="test_Login_And_Verify" finished-at="2024-05-07T09:00:28 CEST" duration-ms="14783" status="PASS">
          <reporter-output>
            <line>
              <![CDATA[Login to store]]>
            </line>
            <line>
              <![CDATA[Check is logged]]>
            </line>
            <line>
              <![CDATA[Click on Labtops]]>
            </line>
            <line>
              <![CDATA[Find Lenovo]]>
            </line>
            <line>
              <![CDATA[Use contact form]]>
            </line>
          </reporter-output>
        </test-method> <!-- test_Login_And_Verify -->
        <test-method signature="test_Login_And_Verify_About_Us()[pri:1, instance:android.BlazeLoginTest@316bcf94]" started-at="2024-05-07T09:00:28 CEST" name="test_Login_And_Verify_About_Us" finished-at="2024-05-07T09:00:46 CEST" duration-ms="17938" status="PASS">
          <reporter-output>
            <line>
              <![CDATA[Login to store]]>
            </line>
            <line>
              <![CDATA[Check is logged]]>
            </line>
            <line>
              <![CDATA[Check About us]]>
            </line>
          </reporter-output>
        </test-method> <!-- test_Login_And_Verify_About_Us -->
        <test-method signature="test_Alert()[pri:2, instance:android.BlazeLoginTest@316bcf94]" started-at="2024-05-07T09:00:46 CEST" name="test_Alert" finished-at="2024-05-07T09:00:59 CEST" duration-ms="13323" status="PASS">
          <reporter-output>
            <line>
              <![CDATA[Login to store]]>
            </line>
            <line>
              <![CDATA[Check is logged]]>
            </line>
            <line>
              <![CDATA[Click on Labtops]]>
            </line>
            <line>
              <![CDATA[Find Lenovo]]>
            </line>
            <line>
              <![CDATA[Use contact form]]>
            </line>
            <line>
              <![CDATA[Handle alert]]>
            </line>
          </reporter-output>
        </test-method> <!-- test_Alert -->
      </class> <!-- android.BlazeLoginTest -->
    </test> <!-- A_Tests One -->
    <test started-at="2024-05-07T09:00:59 CEST" name="B_Tests Two" finished-at="2024-05-07T09:01:20 CEST" duration-ms="21005">
      <class name="android.BlazeFindAndPurchaseTest">
        <test-method is-config="true" signature="setup()[pri:0, instance:android.BlazeFindAndPurchaseTest@d9345cd]" started-at="2024-05-07T09:00:59 CEST" name="setup" finished-at="2024-05-07T09:00:59 CEST" duration-ms="0" status="PASS">
          <reporter-output>
          </reporter-output>
        </test-method> <!-- setup -->
        <test-method signature="test_Find_Purchase()[pri:0, instance:android.BlazeFindAndPurchaseTest@d9345cd]" started-at="2024-05-07T09:00:59 CEST" name="test_Find_Purchase" finished-at="2024-05-07T09:01:20 CEST" duration-ms="21001" status="PASS">
          <reporter-output>
            <line>
              <![CDATA[Set Username]]>
            </line>
            <line>
              <![CDATA[Set Password]]>
            </line>
            <line>
              <![CDATA[Click on Labtops]]>
            </line>
            <line>
              <![CDATA[Find Dell device]]>
            </line>
            <line>
              <![CDATA[Go to chart]]>
            </line>
            <line>
              <![CDATA[Log Out]]>
            </line>
            <line>
              <![CDATA[Verify Log Out]]>
            </line>
          </reporter-output>
        </test-method> <!-- test_Find_Purchase -->
      </class> <!-- android.BlazeFindAndPurchaseTest -->
    </test> <!-- B_Tests Two -->
    <test started-at="2024-05-07T09:01:20 CEST" name="C_Tests Three" finished-at="2024-05-07T09:01:23 CEST" duration-ms="2919">
      <class name="android.RestTest">
        <test-method signature="GetBookDetails()[pri:0, instance:android.RestTest@7d4f9aae]" started-at="2024-05-07T09:01:20 CEST" name="GetBookDetails" finished-at="2024-05-07T09:01:23 CEST" duration-ms="2540" status="PASS">
          <reporter-output>
          </reporter-output>
        </test-method> <!-- GetBookDetails -->
        <test-method signature="GetBookDetailsNo2()[pri:0, instance:android.RestTest@7d4f9aae]" started-at="2024-05-07T09:01:23 CEST" name="GetBookDetailsNo2" finished-at="2024-05-07T09:01:23 CEST" duration-ms="183" status="PASS">
          <reporter-output>
          </reporter-output>
        </test-method> <!-- GetBookDetailsNo2 -->
        <test-method signature="GetBookDetailsNo23()[pri:0, instance:android.RestTest@7d4f9aae]" started-at="2024-05-07T09:01:23 CEST" name="GetBookDetailsNo23" finished-at="2024-05-07T09:01:23 CEST" duration-ms="160" status="FAIL">
          <exception class="java.lang.AssertionError">
            <message>
              <![CDATA[time is not good]]>
            </message>
            <full-stacktrace>
              <![CDATA[java.lang.AssertionError: time is not good
at org.testng.Assert.fail(Assert.java:97)
at android.RestTest.GetBookDetailsNo23(RestTest.java:83)
at java.base/jdk.internal.reflect.DirectMethodHandleAccessor.invoke(DirectMethodHandleAccessor.java:103)
at java.base/java.lang.reflect.Method.invoke(Method.java:580)
at org.testng.internal.MethodInvocationHelper.invokeMethod(MethodInvocationHelper.java:133)
at org.testng.internal.TestInvoker.invokeMethod(TestInvoker.java:584)
at org.testng.internal.TestInvoker.invokeTestMethod(TestInvoker.java:172)
at org.testng.internal.MethodRunner.runInSequence(MethodRunner.java:46)
at org.testng.internal.TestInvoker$MethodInvocationAgent.invoke(TestInvoker.java:804)
at org.testng.internal.TestInvoker.invokeTestMethods(TestInvoker.java:145)
at org.testng.internal.TestMethodWorker.invokeTestMethods(TestMethodWorker.java:146)
at org.testng.internal.TestMethodWorker.run(TestMethodWorker.java:128)
at java.base/java.util.ArrayList.forEach(ArrayList.java:1597)
at org.testng.TestRunner.privateRun(TestRunner.java:770)
at org.testng.TestRunner.run(TestRunner.java:591)
at org.testng.SuiteRunner.runTest(SuiteRunner.java:402)
at org.testng.SuiteRunner.runSequentially(SuiteRunner.java:396)
at org.testng.SuiteRunner.privateRun(SuiteRunner.java:355)
at org.testng.SuiteRunner.run(SuiteRunner.java:304)
at org.testng.SuiteRunnerWorker.runSuite(SuiteRunnerWorker.java:53)
at org.testng.SuiteRunnerWorker.run(SuiteRunnerWorker.java:96)
at org.testng.TestNG.runSuitesSequentially(TestNG.java:1180)
at org.testng.TestNG.runSuitesLocally(TestNG.java:1102)
at org.testng.TestNG.runSuites(TestNG.java:1032)
at org.testng.TestNG.run(TestNG.java:1000)
at org.apache.maven.surefire.testng.TestNGExecutor.run(TestNGExecutor.java:308)
at org.apache.maven.surefire.testng.TestNGXmlTestSuite.execute(TestNGXmlTestSuite.java:71)
at org.apache.maven.surefire.testng.TestNGProvider.invoke(TestNGProvider.java:113)
at org.apache.maven.surefire.booter.ForkedBooter.runSuitesInProcess(ForkedBooter.java:385)
at org.apache.maven.surefire.booter.ForkedBooter.execute(ForkedBooter.java:162)
at org.apache.maven.surefire.booter.ForkedBooter.run(ForkedBooter.java:507)
at org.apache.maven.surefire.booter.ForkedBooter.main(ForkedBooter.java:495)
]]>
            </full-stacktrace>
          </exception> <!-- java.lang.AssertionError -->
          <reporter-output>
          </reporter-output>
        </test-method> <!-- GetBookDetailsNo23 -->
      </class> <!-- android.RestTest -->
    </test> <!-- C_Tests Three -->
  </suite> <!-- Suite -->
</testng-results>
