<!DOCTYPE html PUBLIC "-//W3C//DTD XHTML 1.1//EN" "http://www.w3.org/TR/xhtml11/DTD/xhtml11.dtd">
<html xmlns="http://www.w3.org/1999/xhtml">
<head>
<meta http-equiv="content-type" content="text/html; charset=UTF-8"/>
<title>TestNG Report</title>
<style type="text/css">table {margin-bottom:10px;border-collapse:collapse;empty-cells:show}th,td {border:1px solid #009;padding:.25em .5em}th {vertical-align:bottom}td {vertical-align:top}table a {font-weight:bold}.stripe td {background-color: #E6EBF9}.num {text-align:right}.passedodd td {background-color: #3F3}.passedeven td {background-color: #0A0}.skippedodd td {background-color: #DDD}.skippedeven td {background-color: #CCC}.failedodd td,.attn {background-color: #F33}.failedeven td,.stripe .attn {background-color: #D00}.stacktrace {white-space:pre;font-family:monospace}.totop {font-size:85%;text-align:center;border-bottom:2px solid #000}.invisible {display:none}</style>
</head>
<body>
<table>
<tr><th>Test</th><th># Passed</th><th># Skipped</th><th># Retried</th><th># Failed</th><th>Time (ms)</th><th>Included Groups</th><th>Excluded Groups</th></tr>
<tr><th colspan="7"> Dragan Suite</th></tr>
<tr><td><a href="#t0">A_Tests One</a></td><td class="num">3</td><td class="num">0</td><td class="num">0</td><td class="num">0</td><td class="num">41.231</td><td></td><td></td></tr>
<tr class="stripe"><td><a href="#t1">B_Tests Two</a></td><td class="num">0</td><td class="num">0</td><td class="num">0</td><td class="num attn">1</td><td class="num">16.179</td><td></td><td></td></tr>
<tr><td><a href="#t2">C_Tests Three</a></td><td class="num">3</td><td class="num">0</td><td class="num">0</td><td class="num">0</td><td class="num">2.674</td><td></td><td></td></tr>
<tr class="stripe"><td><a href="#t3">Dragan test</a></td><td class="num">3</td><td class="num">0</td><td class="num">0</td><td class="num">0</td><td class="num">538</td><td></td><td></td></tr>
<tr><th>Total</th><th class="num">9</th><th class="num">0</th><th class="num">0</th><th class="num attn">1</th><th class="num">60.622</th><th colspan="2"></th></tr>
</table>
<table id='summary'><thead><tr><th>Class</th><th>Method</th><th>Start</th><th>Time (ms)</th></tr></thead><tbody><tr><th colspan="4"> Dragan Suite</th></tr></tbody><tbody id="t0"><tr><th colspan="4">A_Tests One &#8212; passed</th></tr><tr class="passedeven"><td rowspan="3">android.BlazeLoginTest</td><td><a href="#m0">test_Alert</a></td><td rowspan="1">1716389411470</td><td rowspan="1">11885</td></tr><tr class="passedeven"><td><a href="#m1">test_Login_And_Verify</a></td><td rowspan="1">1716389382199</td><td rowspan="1">13021</td></tr><tr class="passedeven"><td><a href="#m2">test_Login_And_Verify_About_Us</a></td><td rowspan="1">1716389395305</td><td rowspan="1">16150</td></tr></tbody>
<tbody id="t1"><tr><th colspan="4">B_Tests Two &#8212; failed</th></tr><tr class="failedeven"><td rowspan="1">android.BlazeFindAndPurchaseTest</td><td><a href="#m3">test_Find_Purchase</a></td><td rowspan="1">1716389423418</td><td rowspan="1">16166</td></tr></tbody>
<tbody id="t2"><tr><th colspan="4">C_Tests Three &#8212; passed</th></tr><tr class="passedeven"><td rowspan="3">android.RestTest</td><td><a href="#m4">GetBookDetails</a></td><td rowspan="1">1716389439645</td><td rowspan="1">2249</td></tr><tr class="passedeven"><td><a href="#m5">GetBookDetailsNo2</a></td><td rowspan="1">1716389441894</td><td rowspan="1">205</td></tr><tr class="passedeven"><td><a href="#m6">GetBookDetailsNo23</a></td><td rowspan="1">1716389442114</td><td rowspan="1">189</td></tr></tbody>
<tbody id="t3"><tr><th colspan="4">Dragan test &#8212; passed</th></tr><tr class="passedeven"><td rowspan="3">android.RestTest2</td><td><a href="#m7">GetBookDetails</a></td><td rowspan="1">1716389442351</td><td rowspan="1">172</td></tr><tr class="passedeven"><td><a href="#m8">GetBookDetailsNo2</a></td><td rowspan="1">1716389442532</td><td rowspan="1">163</td></tr><tr class="passedeven"><td><a href="#m9">GetBookDetailsNo23</a></td><td rowspan="1">1716389442711</td><td rowspan="1">160</td></tr></tbody>
</table>
<h2>A_Tests One</h2><h3 id="m0">android.BlazeLoginTest#test_Alert</h3><table class="result"><tr><th>Messages</th></tr><tr><td><div class="messages">Login to store<br/>Check is logged<br/>Click on Labtops<br/>Find Lenovo<br/>Use contact form<br/>Handle alert</div></td></tr></table><p class="totop"><a href="#summary">back to summary</a></p>
<h3 id="m1">android.BlazeLoginTest#test_Login_And_Verify</h3><table class="result"><tr><th>Messages</th></tr><tr><td><div class="messages">Login to store<br/>Check is logged<br/>Click on Labtops<br/>Find Lenovo<br/>Use contact form</div></td></tr></table><p class="totop"><a href="#summary">back to summary</a></p>
<h3 id="m2">android.BlazeLoginTest#test_Login_And_Verify_About_Us</h3><table class="result"><tr><th>Messages</th></tr><tr><td><div class="messages">Login to store<br/>Check is logged<br/>Check About us</div></td></tr></table><p class="totop"><a href="#summary">back to summary</a></p>
<h2>B_Tests Two</h2><h3 id="m3">android.BlazeFindAndPurchaseTest#test_Find_Purchase</h3><table class="result"><tr><th>Messages</th></tr><tr><td><div class="messages">Set Username<br/>Set Password<br/>Click on Labtops</div></td></tr><tr><th>Exception</th></tr><tr><td><div class="stacktrace">org.openqa.selenium.WebDriverException: java.net.SocketTimeoutException: timeout
Build info: version: &apos;3.141.59&apos;, revision: &apos;e82be7d358&apos;, time: &apos;2018-11-14T08:17:03&apos;
System info: host: &apos;DOSHENA&apos;, ip: &apos;192.168.1.62&apos;, os.name: &apos;Windows 11&apos;, os.arch: &apos;amd64&apos;, os.version: &apos;10.0&apos;, java.version: &apos;17.0.10&apos;
Driver info: driver.version: RemoteWebDriver
	at org.openqa.selenium.remote.service.DriverCommandExecutor.execute(DriverCommandExecutor.java:92)
	at org.openqa.selenium.remote.RemoteWebDriver.execute(RemoteWebDriver.java:552)
	at org.openqa.selenium.remote.RemoteWebElement.execute(RemoteWebElement.java:285)
	at org.openqa.selenium.remote.RemoteWebElement.getText(RemoteWebElement.java:166)
	at Pages.BlazeFindAndPurchase.clickLabtops(BlazeFindAndPurchase.java:125)
	at android.BlazeFindAndPurchaseTest.test_Find_Purchase(BlazeFindAndPurchaseTest.java:46)
	at java.base/java.util.ArrayList.forEach(ArrayList.java:1511)
Caused by: java.net.SocketTimeoutException: timeout
	at okio.Okio$4.newTimeoutException(Okio.java:232)
	at okio.AsyncTimeout.exit(AsyncTimeout.java:285)
	at okio.AsyncTimeout$1.write(AsyncTimeout.java:184)
	at okio.RealBufferedSink.flush(RealBufferedSink.java:224)
	at okhttp3.internal.http1.Http1Codec.finishRequest(Http1Codec.java:166)
	at okhttp3.internal.http.CallServerInterceptor.intercept(CallServerInterceptor.java:84)
	at okhttp3.internal.http.RealInterceptorChain.proceed(RealInterceptorChain.java:147)
	at okhttp3.internal.http.RealInterceptorChain.proceed(RealInterceptorChain.java:121)
	at org.openqa.selenium.remote.internal.OkHttpClient$Factory$1.lambda$createClient$1(OkHttpClient.java:152)
	at okhttp3.internal.http.RealInterceptorChain.proceed(RealInterceptorChain.java:147)
	at okhttp3.internal.connection.ConnectInterceptor.intercept(ConnectInterceptor.java:45)
	at okhttp3.internal.http.RealInterceptorChain.proceed(RealInterceptorChain.java:147)
	at okhttp3.internal.http.RealInterceptorChain.proceed(RealInterceptorChain.java:121)
	at okhttp3.internal.cache.CacheInterceptor.intercept(CacheInterceptor.java:93)
	at okhttp3.internal.http.RealInterceptorChain.proceed(RealInterceptorChain.java:147)
	at okhttp3.internal.http.RealInterceptorChain.proceed(RealInterceptorChain.java:121)
	at okhttp3.internal.http.BridgeInterceptor.intercept(BridgeInterceptor.java:93)
	at okhttp3.internal.http.RealInterceptorChain.proceed(RealInterceptorChain.java:147)
	at okhttp3.internal.http.RetryAndFollowUpInterceptor.intercept(RetryAndFollowUpInterceptor.java:126)
	at okhttp3.internal.http.RealInterceptorChain.proceed(RealInterceptorChain.java:147)
	at okhttp3.internal.http.RealInterceptorChain.proceed(RealInterceptorChain.java:121)
	at okhttp3.RealCall.getResponseWithInterceptorChain(RealCall.java:200)
	at okhttp3.RealCall.execute(RealCall.java:77)
	at org.openqa.selenium.remote.internal.OkHttpClient.execute(OkHttpClient.java:103)
	at org.openqa.selenium.remote.HttpCommandExecutor.execute(HttpCommandExecutor.java:155)
	at org.openqa.selenium.remote.service.DriverCommandExecutor.execute(DriverCommandExecutor.java:83)
	... 33 more
Caused by: java.net.SocketException: Socket closed
	at java.base/sun.nio.ch.NioSocketImpl.endWrite(NioSocketImpl.java:388)
	at java.base/sun.nio.ch.NioSocketImpl.implWrite(NioSocketImpl.java:427)
	at java.base/sun.nio.ch.NioSocketImpl.write(NioSocketImpl.java:445)
	at java.base/sun.nio.ch.NioSocketImpl$2.write(NioSocketImpl.java:831)
	at java.base/java.net.Socket$SocketOutputStream.write(Socket.java:1035)
	at okio.Okio$1.write(Okio.java:79)
	at okio.AsyncTimeout$1.write(AsyncTimeout.java:180)
	... 56 more
... Removed 27 stack frames</div></td></tr></table><p class="totop"><a href="#summary">back to summary</a></p>
<h2>C_Tests Three</h2><h3 id="m4">android.RestTest#GetBookDetails</h3><table class="result"><tr><th class="invisible"/></tr></table><p class="totop"><a href="#summary">back to summary</a></p>
<h3 id="m5">android.RestTest#GetBookDetailsNo2</h3><table class="result"><tr><th class="invisible"/></tr></table><p class="totop"><a href="#summary">back to summary</a></p>
<h3 id="m6">android.RestTest#GetBookDetailsNo23</h3><table class="result"><tr><th class="invisible"/></tr></table><p class="totop"><a href="#summary">back to summary</a></p>
<h2>Dragan test</h2><h3 id="m7">android.RestTest2#GetBookDetails</h3><table class="result"><tr><th class="invisible"/></tr></table><p class="totop"><a href="#summary">back to summary</a></p>
<h3 id="m8">android.RestTest2#GetBookDetailsNo2</h3><table class="result"><tr><th class="invisible"/></tr></table><p class="totop"><a href="#summary">back to summary</a></p>
<h3 id="m9">android.RestTest2#GetBookDetailsNo23</h3><table class="result"><tr><th class="invisible"/></tr></table><p class="totop"><a href="#summary">back to summary</a></p>
</body>
</html>
