<?xml version="1.0" encoding="UTF-8"?>
<testng-results ignored="0" total="10" passed="9" failed="1" skipped="0">
  <reporter-output>
    <line>
      <![CDATA[Login to store]]>
    </line>
    <line>
      <![CDATA[Check is logged]]>
    </line>
    <line>
      <![CDATA[Click on Labtops]]>
    </line>
    <line>
      <![CDATA[Find Lenovo]]>
    </line>
    <line>
      <![CDATA[Use contact form]]>
    </line>
    <line>
      <![CDATA[Login to store]]>
    </line>
    <line>
      <![CDATA[Check is logged]]>
    </line>
    <line>
      <![CDATA[Check About us]]>
    </line>
    <line>
      <![CDATA[Login to store]]>
    </line>
    <line>
      <![CDATA[Check is logged]]>
    </line>
    <line>
      <![CDATA[Click on Labtops]]>
    </line>
    <line>
      <![CDATA[Find Lenovo]]>
    </line>
    <line>
      <![CDATA[Use contact form]]>
    </line>
    <line>
      <![CDATA[Handle alert]]>
    </line>
    <line>
      <![CDATA[Set Username]]>
    </line>
    <line>
      <![CDATA[Set Password]]>
    </line>
    <line>
      <![CDATA[Click on Labtops]]>
    </line>
  </reporter-output>
  <suite started-at="2024-05-22T16:49:42 CEST" name=" Dragan Suite" finished-at="2024-05-22T16:50:42 CEST" duration-ms="60765">
    <groups>
    </groups>
    <test started-at="2024-05-22T16:49:42 CEST" name="A_Tests One" finished-at="2024-05-22T16:50:23 CEST" duration-ms="41231">
      <class name="android.BlazeLoginTest">
        <test-method is-config="true" signature="setup()[pri:0, instance:android.BlazeLoginTest@16b2bb0c]" started-at="2024-05-22T16:49:42 CEST" name="setup" finished-at="2024-05-22T16:49:42 CEST" duration-ms="20" status="PASS">
          <reporter-output>
          </reporter-output>
        </test-method> <!-- setup -->
        <test-method signature="test_Login_And_Verify()[pri:0, instance:android.BlazeLoginTest@16b2bb0c]" started-at="2024-05-22T16:49:42 CEST" name="test_Login_And_Verify" finished-at="2024-05-22T16:49:55 CEST" duration-ms="13021" status="PASS">
          <reporter-output>
            <line>
              <![CDATA[Login to store]]>
            </line>
            <line>
              <![CDATA[Check is logged]]>
            </line>
            <line>
              <![CDATA[Click on Labtops]]>
            </line>
            <line>
              <![CDATA[Find Lenovo]]>
            </line>
            <line>
              <![CDATA[Use contact form]]>
            </line>
          </reporter-output>
        </test-method> <!-- test_Login_And_Verify -->
        <test-method signature="test_Login_And_Verify_About_Us()[pri:1, instance:android.BlazeLoginTest@16b2bb0c]" started-at="2024-05-22T16:49:55 CEST" name="test_Login_And_Verify_About_Us" finished-at="2024-05-22T16:50:11 CEST" duration-ms="16150" status="PASS">
          <reporter-output>
            <line>
              <![CDATA[Login to store]]>
            </line>
            <line>
              <![CDATA[Check is logged]]>
            </line>
            <line>
              <![CDATA[Check About us]]>
            </line>
          </reporter-output>
        </test-method> <!-- test_Login_And_Verify_About_Us -->
        <test-method signature="test_Alert()[pri:2, instance:android.BlazeLoginTest@16b2bb0c]" started-at="2024-05-22T16:50:11 CEST" name="test_Alert" finished-at="2024-05-22T16:50:23 CEST" duration-ms="11885" status="PASS">
          <reporter-output>
            <line>
              <![CDATA[Login to store]]>
            </line>
            <line>
              <![CDATA[Check is logged]]>
            </line>
            <line>
              <![CDATA[Click on Labtops]]>
            </line>
            <line>
              <![CDATA[Find Lenovo]]>
            </line>
            <line>
              <![CDATA[Use contact form]]>
            </line>
            <line>
              <![CDATA[Handle alert]]>
            </line>
          </reporter-output>
        </test-method> <!-- test_Alert -->
      </class> <!-- android.BlazeLoginTest -->
    </test> <!-- A_Tests One -->
    <test started-at="2024-05-22T16:50:23 CEST" name="B_Tests Two" finished-at="2024-05-22T16:50:39 CEST" duration-ms="16179">
      <class name="android.BlazeFindAndPurchaseTest">
        <test-method signature="test_Find_Purchase()[pri:0, instance:android.BlazeFindAndPurchaseTest@3370f42]" started-at="2024-05-22T16:50:23 CEST" name="test_Find_Purchase" finished-at="2024-05-22T16:50:39 CEST" duration-ms="16166" status="FAIL">
          <exception class="org.openqa.selenium.WebDriverException">
            <message>
              <![CDATA[java.net.SocketTimeoutException: timeout
Build info: version: '3.141.59', revision: 'e82be7d358', time: '2018-11-14T08:17:03'
System info: host: 'DOSHENA', ip: '192.168.1.62', os.name: 'Windows 11', os.arch: 'amd64', os.version: '10.0', java.version: '17.0.10'
Driver info: driver.version: RemoteWebDriver]]>
            </message>
            <full-stacktrace>
              <![CDATA[org.openqa.selenium.WebDriverException: java.net.SocketTimeoutException: timeout
Build info: version: '3.141.59', revision: 'e82be7d358', time: '2018-11-14T08:17:03'
System info: host: 'DOSHENA', ip: '192.168.1.62', os.name: 'Windows 11', os.arch: 'amd64', os.version: '10.0', java.version: '17.0.10'
Driver info: driver.version: RemoteWebDriver
at org.openqa.selenium.remote.service.DriverCommandExecutor.execute(DriverCommandExecutor.java:92)
at org.openqa.selenium.remote.RemoteWebDriver.execute(RemoteWebDriver.java:552)
at org.openqa.selenium.remote.RemoteWebElement.execute(RemoteWebElement.java:285)
at org.openqa.selenium.remote.RemoteWebElement.getText(RemoteWebElement.java:166)
at Pages.BlazeFindAndPurchase.clickLabtops(BlazeFindAndPurchase.java:125)
at android.BlazeFindAndPurchaseTest.test_Find_Purchase(BlazeFindAndPurchaseTest.java:46)
at java.base/jdk.internal.reflect.NativeMethodAccessorImpl.invoke0(Native Method)
at java.base/jdk.internal.reflect.NativeMethodAccessorImpl.invoke(NativeMethodAccessorImpl.java:77)
at java.base/jdk.internal.reflect.DelegatingMethodAccessorImpl.invoke(DelegatingMethodAccessorImpl.java:43)
at java.base/java.lang.reflect.Method.invoke(Method.java:568)
at org.testng.internal.MethodInvocationHelper.invokeMethod(MethodInvocationHelper.java:133)
at org.testng.internal.TestInvoker.invokeMethod(TestInvoker.java:584)
at org.testng.internal.TestInvoker.invokeTestMethod(TestInvoker.java:172)
at org.testng.internal.MethodRunner.runInSequence(MethodRunner.java:46)
at org.testng.internal.TestInvoker$MethodInvocationAgent.invoke(TestInvoker.java:804)
at org.testng.internal.TestInvoker.invokeTestMethods(TestInvoker.java:145)
at org.testng.internal.TestMethodWorker.invokeTestMethods(TestMethodWorker.java:146)
at org.testng.internal.TestMethodWorker.run(TestMethodWorker.java:128)
at java.base/java.util.ArrayList.forEach(ArrayList.java:1511)
at org.testng.TestRunner.privateRun(TestRunner.java:770)
at org.testng.TestRunner.run(TestRunner.java:591)
at org.testng.SuiteRunner.runTest(SuiteRunner.java:402)
at org.testng.SuiteRunner.runSequentially(SuiteRunner.java:396)
at org.testng.SuiteRunner.privateRun(SuiteRunner.java:355)
at org.testng.SuiteRunner.run(SuiteRunner.java:304)
at org.testng.SuiteRunnerWorker.runSuite(SuiteRunnerWorker.java:53)
at org.testng.SuiteRunnerWorker.run(SuiteRunnerWorker.java:96)
at org.testng.TestNG.runSuitesSequentially(TestNG.java:1180)
at org.testng.TestNG.runSuitesLocally(TestNG.java:1102)
at org.testng.TestNG.runSuites(TestNG.java:1032)
at org.testng.TestNG.run(TestNG.java:1000)
at org.testng.remote.AbstractRemoteTestNG.run(AbstractRemoteTestNG.java:115)
at org.testng.remote.RemoteTestNG.initAndRun(RemoteTestNG.java:251)
at org.testng.remote.RemoteTestNG.main(RemoteTestNG.java:77)
Caused by: java.net.SocketTimeoutException: timeout
at okio.Okio$4.newTimeoutException(Okio.java:232)
at okio.AsyncTimeout.exit(AsyncTimeout.java:285)
at okio.AsyncTimeout$1.write(AsyncTimeout.java:184)
at okio.RealBufferedSink.flush(RealBufferedSink.java:224)
at okhttp3.internal.http1.Http1Codec.finishRequest(Http1Codec.java:166)
at okhttp3.internal.http.CallServerInterceptor.intercept(CallServerInterceptor.java:84)
at okhttp3.internal.http.RealInterceptorChain.proceed(RealInterceptorChain.java:147)
at okhttp3.internal.http.RealInterceptorChain.proceed(RealInterceptorChain.java:121)
at org.openqa.selenium.remote.internal.OkHttpClient$Factory$1.lambda$createClient$1(OkHttpClient.java:152)
at okhttp3.internal.http.RealInterceptorChain.proceed(RealInterceptorChain.java:147)
at okhttp3.internal.connection.ConnectInterceptor.intercept(ConnectInterceptor.java:45)
at okhttp3.internal.http.RealInterceptorChain.proceed(RealInterceptorChain.java:147)
at okhttp3.internal.http.RealInterceptorChain.proceed(RealInterceptorChain.java:121)
at okhttp3.internal.cache.CacheInterceptor.intercept(CacheInterceptor.java:93)
at okhttp3.internal.http.RealInterceptorChain.proceed(RealInterceptorChain.java:147)
at okhttp3.internal.http.RealInterceptorChain.proceed(RealInterceptorChain.java:121)
at okhttp3.internal.http.BridgeInterceptor.intercept(BridgeInterceptor.java:93)
at okhttp3.internal.http.RealInterceptorChain.proceed(RealInterceptorChain.java:147)
at okhttp3.internal.http.RetryAndFollowUpInterceptor.intercept(RetryAndFollowUpInterceptor.java:126)
at okhttp3.internal.http.RealInterceptorChain.proceed(RealInterceptorChain.java:147)
at okhttp3.internal.http.RealInterceptorChain.proceed(RealInterceptorChain.java:121)
at okhttp3.RealCall.getResponseWithInterceptorChain(RealCall.java:200)
at okhttp3.RealCall.execute(RealCall.java:77)
at org.openqa.selenium.remote.internal.OkHttpClient.execute(OkHttpClient.java:103)
at org.openqa.selenium.remote.HttpCommandExecutor.execute(HttpCommandExecutor.java:155)
at org.openqa.selenium.remote.service.DriverCommandExecutor.execute(DriverCommandExecutor.java:83)
... 33 more
Caused by: java.net.SocketException: Socket closed
at java.base/sun.nio.ch.NioSocketImpl.endWrite(NioSocketImpl.java:388)
at java.base/sun.nio.ch.NioSocketImpl.implWrite(NioSocketImpl.java:427)
at java.base/sun.nio.ch.NioSocketImpl.write(NioSocketImpl.java:445)
at java.base/sun.nio.ch.NioSocketImpl$2.write(NioSocketImpl.java:831)
at java.base/java.net.Socket$SocketOutputStream.write(Socket.java:1035)
at okio.Okio$1.write(Okio.java:79)
at okio.AsyncTimeout$1.write(AsyncTimeout.java:180)
... 56 more
]]>
            </full-stacktrace>
          </exception> <!-- org.openqa.selenium.WebDriverException -->
          <reporter-output>
            <line>
              <![CDATA[Set Username]]>
            </line>
            <line>
              <![CDATA[Set Password]]>
            </line>
            <line>
              <![CDATA[Click on Labtops]]>
            </line>
          </reporter-output>
        </test-method> <!-- test_Find_Purchase -->
        <test-method is-config="true" signature="setup()[pri:0, instance:android.BlazeFindAndPurchaseTest@3370f42]" started-at="2024-05-22T16:50:23 CEST" name="setup" finished-at="2024-05-22T16:50:23 CEST" duration-ms="0" status="PASS">
          <reporter-output>
          </reporter-output>
        </test-method> <!-- setup -->
      </class> <!-- android.BlazeFindAndPurchaseTest -->
    </test> <!-- B_Tests Two -->
    <test started-at="2024-05-22T16:50:39 CEST" name="C_Tests Three" finished-at="2024-05-22T16:50:42 CEST" duration-ms="2674">
      <class name="android.RestTest">
        <test-method signature="GetBookDetails()[pri:0, instance:android.RestTest@68d279ec]" started-at="2024-05-22T16:50:39 CEST" name="GetBookDetails" finished-at="2024-05-22T16:50:41 CEST" duration-ms="2249" status="PASS">
          <reporter-output>
          </reporter-output>
        </test-method> <!-- GetBookDetails -->
        <test-method signature="GetBookDetailsNo2()[pri:0, instance:android.RestTest@68d279ec]" started-at="2024-05-22T16:50:41 CEST" name="GetBookDetailsNo2" finished-at="2024-05-22T16:50:42 CEST" duration-ms="205" status="PASS">
          <reporter-output>
          </reporter-output>
        </test-method> <!-- GetBookDetailsNo2 -->
        <test-method signature="GetBookDetailsNo23()[pri:0, instance:android.RestTest@68d279ec]" started-at="2024-05-22T16:50:42 CEST" name="GetBookDetailsNo23" finished-at="2024-05-22T16:50:42 CEST" duration-ms="189" status="PASS">
          <reporter-output>
          </reporter-output>
        </test-method> <!-- GetBookDetailsNo23 -->
      </class> <!-- android.RestTest -->
    </test> <!-- C_Tests Three -->
    <test started-at="2024-05-22T16:50:42 CEST" name="Dragan test" finished-at="2024-05-22T16:50:42 CEST" duration-ms="538">
      <class name="android.RestTest2">
        <test-method signature="GetBookDetails()[pri:0, instance:android.RestTest2@7d286fb6]" started-at="2024-05-22T16:50:42 CEST" name="GetBookDetails" finished-at="2024-05-22T16:50:42 CEST" duration-ms="172" status="PASS">
          <reporter-output>
          </reporter-output>
        </test-method> <!-- GetBookDetails -->
        <test-method signature="GetBookDetailsNo2()[pri:0, instance:android.RestTest2@7d286fb6]" started-at="2024-05-22T16:50:42 CEST" name="GetBookDetailsNo2" finished-at="2024-05-22T16:50:42 CEST" duration-ms="163" status="PASS">
          <reporter-output>
          </reporter-output>
        </test-method> <!-- GetBookDetailsNo2 -->
        <test-method signature="GetBookDetailsNo23()[pri:0, instance:android.RestTest2@7d286fb6]" started-at="2024-05-22T16:50:42 CEST" name="GetBookDetailsNo23" finished-at="2024-05-22T16:50:42 CEST" duration-ms="160" status="PASS">
          <reporter-output>
          </reporter-output>
        </test-method> <!-- GetBookDetailsNo23 -->
      </class> <!-- android.RestTest2 -->
    </test> <!-- Dragan test -->
  </suite> <!--  Dragan Suite -->
</testng-results>
