<?xml version="1.0" encoding="UTF-8"?>
<!-- Generated by org.testng.reporters.JUnitXMLReporter -->
<testsuite ignored="0" hostname="Doshena" failures="3" tests="3" name="A_Tests One" time="6.873" errors="0" timestamp="2024-06-04T10:18:16 CEST">
  <testcase classname="android.BlazeLoginTest" name="test_Login_And_Verify" time="1.647">
    <failure type="org.openqa.selenium.SessionNotCreatedException" message="session not created: This version of Microsoft Edge WebDriver only supports Microsoft Edge version 123
Current browser version is 125.0.2535.67 with binary path C:\Program Files (x86)\Microsoft\Edge\Application\msedge.exe
Build info: version: &amp;apos;3.141.59&amp;apos;, revision: &amp;apos;e82be7d358&amp;apos;, time: &amp;apos;2018-11-14T08:17:03&amp;apos;
System info: host: &amp;apos;DOSHENA&amp;apos;, ip: &amp;apos;192.168.1.62&amp;apos;, os.name: &amp;apos;Windows 11&amp;apos;, os.arch: &amp;apos;amd64&amp;apos;, os.version: &amp;apos;10.0&amp;apos;, java.version: &amp;apos;22&amp;apos;
Driver info: driver.version: EdgeDriver
remote stacktrace: 	GetHandleVerifier [0x00007FF7D66A5B82+59842]
	Microsoft::Applications::Events::ILogConfiguration::operator* [0x00007FF7D6634AB2+220434]
	(No symbol) [0x00007FF7D645DCD7]
	(No symbol) [0x00007FF7D6495E81]
	(No symbol) [0x00007FF7D6495321]
	(No symbol) [0x00007FF7D648FA00]
	(No symbol) [0x00007FF7D648C2C0]
	(No symbol) [0x00007FF7D64CDE97]
	(No symbol) [0x00007FF7D64C3B93]
	(No symbol) [0x00007FF7D649960E]
	(No symbol) [0x00007FF7D64987CC]
	(No symbol) [0x00007FF7D64991C1]
	Microsoft::Applications::Events::EventProperty::to_string [0x00007FF7D68558FC+1052188]
	(No symbol) [0x00007FF7D650FFC6]
	Microsoft::Applications::Events::EventProperty::~EventProperty [0x00007FF7D65B150C+37916]
	Microsoft::Applications::Events::EventProperty::~EventProperty [0x00007FF7D65A8E95+3493]
	Microsoft::Applications::Events::EventProperty::to_string [0x00007FF7D6854865+1047941]
	Microsoft::Applications::Events::ILogConfiguration::operator* [0x00007FF7D663D2C1+255265]
	Microsoft::Applications::Events::ILogConfiguration::operator* [0x00007FF7D66385B4+235540]
	Microsoft::Applications::Events::ILogConfiguration::operator* [0x00007FF7D66386EB+235851]
	Microsoft::Applications::Events::ILogConfiguration::operator* [0x00007FF7D662FEE1+201025]
	BaseThreadInitThunk [0x00007FFDC576257D+29]
	RtlUserThreadStart [0x00007FFDC7A6AA48+40]
">
      <![CDATA[org.openqa.selenium.SessionNotCreatedException: session not created: This version of Microsoft Edge WebDriver only supports Microsoft Edge version 123
Current browser version is 125.0.2535.67 with binary path C:\Program Files (x86)\Microsoft\Edge\Application\msedge.exe
Build info: version: '3.141.59', revision: 'e82be7d358', time: '2018-11-14T08:17:03'
System info: host: 'DOSHENA', ip: '192.168.1.62', os.name: 'Windows 11', os.arch: 'amd64', os.version: '10.0', java.version: '22'
Driver info: driver.version: EdgeDriver
remote stacktrace: GetHandleVerifier [0x00007FF7D66A5B82+59842]
Microsoft::Applications::Events::ILogConfiguration::operator* [0x00007FF7D6634AB2+220434]
(No symbol) [0x00007FF7D645DCD7]
(No symbol) [0x00007FF7D6495E81]
(No symbol) [0x00007FF7D6495321]
(No symbol) [0x00007FF7D648FA00]
(No symbol) [0x00007FF7D648C2C0]
(No symbol) [0x00007FF7D64CDE97]
(No symbol) [0x00007FF7D64C3B93]
(No symbol) [0x00007FF7D649960E]
(No symbol) [0x00007FF7D64987CC]
(No symbol) [0x00007FF7D64991C1]
Microsoft::Applications::Events::EventProperty::to_string [0x00007FF7D68558FC+1052188]
(No symbol) [0x00007FF7D650FFC6]
Microsoft::Applications::Events::EventProperty::~EventProperty [0x00007FF7D65B150C+37916]
Microsoft::Applications::Events::EventProperty::~EventProperty [0x00007FF7D65A8E95+3493]
Microsoft::Applications::Events::EventProperty::to_string [0x00007FF7D6854865+1047941]
Microsoft::Applications::Events::ILogConfiguration::operator* [0x00007FF7D663D2C1+255265]
Microsoft::Applications::Events::ILogConfiguration::operator* [0x00007FF7D66385B4+235540]
Microsoft::Applications::Events::ILogConfiguration::operator* [0x00007FF7D66386EB+235851]
Microsoft::Applications::Events::ILogConfiguration::operator* [0x00007FF7D662FEE1+201025]
BaseThreadInitThunk [0x00007FFDC576257D+29]
RtlUserThreadStart [0x00007FFDC7A6AA48+40]

at org.openqa.selenium.remote.W3CHandshakeResponse.lambda$errorHandler$0(W3CHandshakeResponse.java:62)
at org.openqa.selenium.remote.HandshakeResponse.lambda$getResponseFunction$0(HandshakeResponse.java:30)
at org.openqa.selenium.remote.ProtocolHandshake.lambda$createSession$0(ProtocolHandshake.java:126)
at java.base/java.util.stream.ReferencePipeline$3$1.accept(ReferencePipeline.java:212)
at java.base/java.util.Spliterators$ArraySpliterator.tryAdvance(Spliterators.java:1034)
at java.base/java.util.stream.ReferencePipeline.forEachWithCancel(ReferencePipeline.java:144)
at java.base/java.util.stream.AbstractPipeline.copyIntoWithCancel(AbstractPipeline.java:574)
at java.base/java.util.stream.AbstractPipeline.copyInto(AbstractPipeline.java:560)
at java.base/java.util.stream.AbstractPipeline.wrapAndCopyInto(AbstractPipeline.java:546)
at java.base/java.util.stream.FindOps$FindOp.evaluateSequential(FindOps.java:150)
at java.base/java.util.stream.AbstractPipeline.evaluate(AbstractPipeline.java:265)
at java.base/java.util.stream.ReferencePipeline.findFirst(ReferencePipeline.java:662)
at org.openqa.selenium.remote.ProtocolHandshake.createSession(ProtocolHandshake.java:128)
at org.openqa.selenium.remote.ProtocolHandshake.createSession(ProtocolHandshake.java:74)
at org.openqa.selenium.remote.HttpCommandExecutor.execute(HttpCommandExecutor.java:136)
at org.openqa.selenium.remote.service.DriverCommandExecutor.execute(DriverCommandExecutor.java:83)
at org.openqa.selenium.remote.RemoteWebDriver.execute(RemoteWebDriver.java:552)
at org.openqa.selenium.remote.RemoteWebDriver.startSession(RemoteWebDriver.java:213)
at org.openqa.selenium.remote.RemoteWebDriver.<init>(RemoteWebDriver.java:131)
at org.openqa.selenium.edge.EdgeDriver.<init>(EdgeDriver.java:141)
at org.openqa.selenium.edge.EdgeDriver.<init>(EdgeDriver.java:96)
at android.BlazeLoginTest.test_Login_And_Verify(BlazeLoginTest.java:42)
at java.base/java.util.ArrayList.forEach(ArrayList.java:1597)
... Removed 32 stack frames]]>
    </failure>
  </testcase> <!-- test_Login_And_Verify -->
  <testcase classname="android.BlazeLoginTest" name="test_Login_And_Verify_About_Us" time="2.429">
    <failure type="org.openqa.selenium.SessionNotCreatedException" message="session not created: This version of Microsoft Edge WebDriver only supports Microsoft Edge version 123
Current browser version is 125.0.2535.67 with binary path C:\Program Files (x86)\Microsoft\Edge\Application\msedge.exe
Build info: version: &amp;apos;3.141.59&amp;apos;, revision: &amp;apos;e82be7d358&amp;apos;, time: &amp;apos;2018-11-14T08:17:03&amp;apos;
System info: host: &amp;apos;DOSHENA&amp;apos;, ip: &amp;apos;192.168.1.62&amp;apos;, os.name: &amp;apos;Windows 11&amp;apos;, os.arch: &amp;apos;amd64&amp;apos;, os.version: &amp;apos;10.0&amp;apos;, java.version: &amp;apos;22&amp;apos;
Driver info: driver.version: EdgeDriver
remote stacktrace: 	GetHandleVerifier [0x00007FF7D66A5B82+59842]
	Microsoft::Applications::Events::ILogConfiguration::operator* [0x00007FF7D6634AB2+220434]
	(No symbol) [0x00007FF7D645DCD7]
	(No symbol) [0x00007FF7D6495E81]
	(No symbol) [0x00007FF7D6495321]
	(No symbol) [0x00007FF7D648FA00]
	(No symbol) [0x00007FF7D648C2C0]
	(No symbol) [0x00007FF7D64CDE97]
	(No symbol) [0x00007FF7D64C3B93]
	(No symbol) [0x00007FF7D649960E]
	(No symbol) [0x00007FF7D64987CC]
	(No symbol) [0x00007FF7D64991C1]
	Microsoft::Applications::Events::EventProperty::to_string [0x00007FF7D68558FC+1052188]
	(No symbol) [0x00007FF7D650FFC6]
	Microsoft::Applications::Events::EventProperty::~EventProperty [0x00007FF7D65B150C+37916]
	Microsoft::Applications::Events::EventProperty::~EventProperty [0x00007FF7D65A8E95+3493]
	Microsoft::Applications::Events::EventProperty::to_string [0x00007FF7D6854865+1047941]
	Microsoft::Applications::Events::ILogConfiguration::operator* [0x00007FF7D663D2C1+255265]
	Microsoft::Applications::Events::ILogConfiguration::operator* [0x00007FF7D66385B4+235540]
	Microsoft::Applications::Events::ILogConfiguration::operator* [0x00007FF7D66386EB+235851]
	Microsoft::Applications::Events::ILogConfiguration::operator* [0x00007FF7D662FEE1+201025]
	BaseThreadInitThunk [0x00007FFDC576257D+29]
	RtlUserThreadStart [0x00007FFDC7A6AA48+40]
">
      <![CDATA[org.openqa.selenium.SessionNotCreatedException: session not created: This version of Microsoft Edge WebDriver only supports Microsoft Edge version 123
Current browser version is 125.0.2535.67 with binary path C:\Program Files (x86)\Microsoft\Edge\Application\msedge.exe
Build info: version: '3.141.59', revision: 'e82be7d358', time: '2018-11-14T08:17:03'
System info: host: 'DOSHENA', ip: '192.168.1.62', os.name: 'Windows 11', os.arch: 'amd64', os.version: '10.0', java.version: '22'
Driver info: driver.version: EdgeDriver
remote stacktrace: GetHandleVerifier [0x00007FF7D66A5B82+59842]
Microsoft::Applications::Events::ILogConfiguration::operator* [0x00007FF7D6634AB2+220434]
(No symbol) [0x00007FF7D645DCD7]
(No symbol) [0x00007FF7D6495E81]
(No symbol) [0x00007FF7D6495321]
(No symbol) [0x00007FF7D648FA00]
(No symbol) [0x00007FF7D648C2C0]
(No symbol) [0x00007FF7D64CDE97]
(No symbol) [0x00007FF7D64C3B93]
(No symbol) [0x00007FF7D649960E]
(No symbol) [0x00007FF7D64987CC]
(No symbol) [0x00007FF7D64991C1]
Microsoft::Applications::Events::EventProperty::to_string [0x00007FF7D68558FC+1052188]
(No symbol) [0x00007FF7D650FFC6]
Microsoft::Applications::Events::EventProperty::~EventProperty [0x00007FF7D65B150C+37916]
Microsoft::Applications::Events::EventProperty::~EventProperty [0x00007FF7D65A8E95+3493]
Microsoft::Applications::Events::EventProperty::to_string [0x00007FF7D6854865+1047941]
Microsoft::Applications::Events::ILogConfiguration::operator* [0x00007FF7D663D2C1+255265]
Microsoft::Applications::Events::ILogConfiguration::operator* [0x00007FF7D66385B4+235540]
Microsoft::Applications::Events::ILogConfiguration::operator* [0x00007FF7D66386EB+235851]
Microsoft::Applications::Events::ILogConfiguration::operator* [0x00007FF7D662FEE1+201025]
BaseThreadInitThunk [0x00007FFDC576257D+29]
RtlUserThreadStart [0x00007FFDC7A6AA48+40]

at org.openqa.selenium.remote.W3CHandshakeResponse.lambda$errorHandler$0(W3CHandshakeResponse.java:62)
at org.openqa.selenium.remote.HandshakeResponse.lambda$getResponseFunction$0(HandshakeResponse.java:30)
at org.openqa.selenium.remote.ProtocolHandshake.lambda$createSession$0(ProtocolHandshake.java:126)
at java.base/java.util.stream.ReferencePipeline$3$1.accept(ReferencePipeline.java:212)
at java.base/java.util.Spliterators$ArraySpliterator.tryAdvance(Spliterators.java:1034)
at java.base/java.util.stream.ReferencePipeline.forEachWithCancel(ReferencePipeline.java:144)
at java.base/java.util.stream.AbstractPipeline.copyIntoWithCancel(AbstractPipeline.java:574)
at java.base/java.util.stream.AbstractPipeline.copyInto(AbstractPipeline.java:560)
at java.base/java.util.stream.AbstractPipeline.wrapAndCopyInto(AbstractPipeline.java:546)
at java.base/java.util.stream.FindOps$FindOp.evaluateSequential(FindOps.java:150)
at java.base/java.util.stream.AbstractPipeline.evaluate(AbstractPipeline.java:265)
at java.base/java.util.stream.ReferencePipeline.findFirst(ReferencePipeline.java:662)
at org.openqa.selenium.remote.ProtocolHandshake.createSession(ProtocolHandshake.java:128)
at org.openqa.selenium.remote.ProtocolHandshake.createSession(ProtocolHandshake.java:74)
at org.openqa.selenium.remote.HttpCommandExecutor.execute(HttpCommandExecutor.java:136)
at org.openqa.selenium.remote.service.DriverCommandExecutor.execute(DriverCommandExecutor.java:83)
at org.openqa.selenium.remote.RemoteWebDriver.execute(RemoteWebDriver.java:552)
at org.openqa.selenium.remote.RemoteWebDriver.startSession(RemoteWebDriver.java:213)
at org.openqa.selenium.remote.RemoteWebDriver.<init>(RemoteWebDriver.java:131)
at org.openqa.selenium.edge.EdgeDriver.<init>(EdgeDriver.java:141)
at org.openqa.selenium.edge.EdgeDriver.<init>(EdgeDriver.java:96)
at android.BlazeLoginTest.test_Login_And_Verify_About_Us(BlazeLoginTest.java:73)
at java.base/java.util.ArrayList.forEach(ArrayList.java:1597)
... Removed 32 stack frames]]>
    </failure>
  </testcase> <!-- test_Login_And_Verify_About_Us -->
  <testcase classname="android.BlazeLoginTest" name="test_Alert" time="2.661">
    <failure type="org.openqa.selenium.SessionNotCreatedException" message="session not created: This version of Microsoft Edge WebDriver only supports Microsoft Edge version 123
Current browser version is 125.0.2535.67 with binary path C:\Program Files (x86)\Microsoft\Edge\Application\msedge.exe
Build info: version: &amp;apos;3.141.59&amp;apos;, revision: &amp;apos;e82be7d358&amp;apos;, time: &amp;apos;2018-11-14T08:17:03&amp;apos;
System info: host: &amp;apos;DOSHENA&amp;apos;, ip: &amp;apos;192.168.1.62&amp;apos;, os.name: &amp;apos;Windows 11&amp;apos;, os.arch: &amp;apos;amd64&amp;apos;, os.version: &amp;apos;10.0&amp;apos;, java.version: &amp;apos;22&amp;apos;
Driver info: driver.version: EdgeDriver
remote stacktrace: 	GetHandleVerifier [0x00007FF7D66A5B82+59842]
	Microsoft::Applications::Events::ILogConfiguration::operator* [0x00007FF7D6634AB2+220434]
	(No symbol) [0x00007FF7D645DCD7]
	(No symbol) [0x00007FF7D6495E81]
	(No symbol) [0x00007FF7D6495321]
	(No symbol) [0x00007FF7D648FA00]
	(No symbol) [0x00007FF7D648C2C0]
	(No symbol) [0x00007FF7D64CDE97]
	(No symbol) [0x00007FF7D64C3B93]
	(No symbol) [0x00007FF7D649960E]
	(No symbol) [0x00007FF7D64987CC]
	(No symbol) [0x00007FF7D64991C1]
	Microsoft::Applications::Events::EventProperty::to_string [0x00007FF7D68558FC+1052188]
	(No symbol) [0x00007FF7D650FFC6]
	Microsoft::Applications::Events::EventProperty::~EventProperty [0x00007FF7D65B150C+37916]
	Microsoft::Applications::Events::EventProperty::~EventProperty [0x00007FF7D65A8E95+3493]
	Microsoft::Applications::Events::EventProperty::to_string [0x00007FF7D6854865+1047941]
	Microsoft::Applications::Events::ILogConfiguration::operator* [0x00007FF7D663D2C1+255265]
	Microsoft::Applications::Events::ILogConfiguration::operator* [0x00007FF7D66385B4+235540]
	Microsoft::Applications::Events::ILogConfiguration::operator* [0x00007FF7D66386EB+235851]
	Microsoft::Applications::Events::ILogConfiguration::operator* [0x00007FF7D662FEE1+201025]
	BaseThreadInitThunk [0x00007FFDC576257D+29]
	RtlUserThreadStart [0x00007FFDC7A6AA48+40]
">
      <![CDATA[org.openqa.selenium.SessionNotCreatedException: session not created: This version of Microsoft Edge WebDriver only supports Microsoft Edge version 123
Current browser version is 125.0.2535.67 with binary path C:\Program Files (x86)\Microsoft\Edge\Application\msedge.exe
Build info: version: '3.141.59', revision: 'e82be7d358', time: '2018-11-14T08:17:03'
System info: host: 'DOSHENA', ip: '192.168.1.62', os.name: 'Windows 11', os.arch: 'amd64', os.version: '10.0', java.version: '22'
Driver info: driver.version: EdgeDriver
remote stacktrace: GetHandleVerifier [0x00007FF7D66A5B82+59842]
Microsoft::Applications::Events::ILogConfiguration::operator* [0x00007FF7D6634AB2+220434]
(No symbol) [0x00007FF7D645DCD7]
(No symbol) [0x00007FF7D6495E81]
(No symbol) [0x00007FF7D6495321]
(No symbol) [0x00007FF7D648FA00]
(No symbol) [0x00007FF7D648C2C0]
(No symbol) [0x00007FF7D64CDE97]
(No symbol) [0x00007FF7D64C3B93]
(No symbol) [0x00007FF7D649960E]
(No symbol) [0x00007FF7D64987CC]
(No symbol) [0x00007FF7D64991C1]
Microsoft::Applications::Events::EventProperty::to_string [0x00007FF7D68558FC+1052188]
(No symbol) [0x00007FF7D650FFC6]
Microsoft::Applications::Events::EventProperty::~EventProperty [0x00007FF7D65B150C+37916]
Microsoft::Applications::Events::EventProperty::~EventProperty [0x00007FF7D65A8E95+3493]
Microsoft::Applications::Events::EventProperty::to_string [0x00007FF7D6854865+1047941]
Microsoft::Applications::Events::ILogConfiguration::operator* [0x00007FF7D663D2C1+255265]
Microsoft::Applications::Events::ILogConfiguration::operator* [0x00007FF7D66385B4+235540]
Microsoft::Applications::Events::ILogConfiguration::operator* [0x00007FF7D66386EB+235851]
Microsoft::Applications::Events::ILogConfiguration::operator* [0x00007FF7D662FEE1+201025]
BaseThreadInitThunk [0x00007FFDC576257D+29]
RtlUserThreadStart [0x00007FFDC7A6AA48+40]

at org.openqa.selenium.remote.W3CHandshakeResponse.lambda$errorHandler$0(W3CHandshakeResponse.java:62)
at org.openqa.selenium.remote.HandshakeResponse.lambda$getResponseFunction$0(HandshakeResponse.java:30)
at org.openqa.selenium.remote.ProtocolHandshake.lambda$createSession$0(ProtocolHandshake.java:126)
at java.base/java.util.stream.ReferencePipeline$3$1.accept(ReferencePipeline.java:212)
at java.base/java.util.Spliterators$ArraySpliterator.tryAdvance(Spliterators.java:1034)
at java.base/java.util.stream.ReferencePipeline.forEachWithCancel(ReferencePipeline.java:144)
at java.base/java.util.stream.AbstractPipeline.copyIntoWithCancel(AbstractPipeline.java:574)
at java.base/java.util.stream.AbstractPipeline.copyInto(AbstractPipeline.java:560)
at java.base/java.util.stream.AbstractPipeline.wrapAndCopyInto(AbstractPipeline.java:546)
at java.base/java.util.stream.FindOps$FindOp.evaluateSequential(FindOps.java:150)
at java.base/java.util.stream.AbstractPipeline.evaluate(AbstractPipeline.java:265)
at java.base/java.util.stream.ReferencePipeline.findFirst(ReferencePipeline.java:662)
at org.openqa.selenium.remote.ProtocolHandshake.createSession(ProtocolHandshake.java:128)
at org.openqa.selenium.remote.ProtocolHandshake.createSession(ProtocolHandshake.java:74)
at org.openqa.selenium.remote.HttpCommandExecutor.execute(HttpCommandExecutor.java:136)
at org.openqa.selenium.remote.service.DriverCommandExecutor.execute(DriverCommandExecutor.java:83)
at org.openqa.selenium.remote.RemoteWebDriver.execute(RemoteWebDriver.java:552)
at org.openqa.selenium.remote.RemoteWebDriver.startSession(RemoteWebDriver.java:213)
at org.openqa.selenium.remote.RemoteWebDriver.<init>(RemoteWebDriver.java:131)
at org.openqa.selenium.edge.EdgeDriver.<init>(EdgeDriver.java:141)
at org.openqa.selenium.edge.EdgeDriver.<init>(EdgeDriver.java:96)
at android.BlazeLoginTest.test_Alert(BlazeLoginTest.java:104)
at java.base/java.util.ArrayList.forEach(ArrayList.java:1597)
... Removed 32 stack frames]]>
    </failure>
  </testcase> <!-- test_Alert -->
</testsuite> <!-- A_Tests One -->
